"2019-01-23 14:33:11 [main] INFO  c.s.g.repository.GifRepositoryTestIT - Starting GifRepositoryTestIT on BLR-STR-SUSHMITHA with PID 5334 (started by sushmitha in /home/sushmitha/GiphyServiceBoilerPlate/giphy-service)
""2019-01-23 14:33:11 [main] DEBUG c.s.g.repository.GifRepositoryTestIT - Running with Spring Boot v2.1.1.RELEASE, Spring v5.1.3.RELEASE
""2019-01-23 14:33:11 [main] INFO  c.s.g.repository.GifRepositoryTestIT - No active profile set, falling back to default profiles: default
""2019-01-23 14:33:11 [main] INFO  o.s.d.r.c.RepositoryConfigurationDelegate - Bootstrapping Spring Data repositories in DEFAULT mode.
""2019-01-23 14:33:11 [main] INFO  o.s.d.r.c.RepositoryConfigurationDelegate - Finished Spring Data repository scanning in 56ms. Found 1 repository interfaces.
""2019-01-23 14:33:12 [main] INFO  o.s.c.s.PostProcessorRegistrationDelegate$BeanPostProcessorChecker - Bean 'org.springframework.transaction.annotation.ProxyTransactionManagementConfiguration' of type [org.springframework.transaction.annotation.ProxyTransactionManagementConfiguration$$EnhancerBySpringCGLIB$$c0b8962c] is not eligible for getting processed by all BeanPostProcessors (for example: not eligible for auto-proxying)
""2019-01-23 14:33:12 [main] INFO  com.zaxxer.hikari.HikariDataSource - HikariPool-1 - Starting...
""2019-01-23 14:33:12 [main] WARN  c.z.hikari.util.DriverDataSource - Registered driver with driverClassName=com.mysql.jdbc.Driver was not found, trying direct instantiation.
""2019-01-23 14:33:12 [main] INFO  com.zaxxer.hikari.HikariDataSource - HikariPool-1 - Start completed.
""2019-01-23 14:33:12 [main] INFO  o.h.jpa.internal.util.LogHelper - HHH000204: Processing PersistenceUnitInfo [
	name: default
	...]
""2019-01-23 14:33:12 [main] INFO  org.hibernate.Version - HHH000412: Hibernate Core {5.3.7.Final}
""2019-01-23 14:33:12 [main] INFO  org.hibernate.cfg.Environment - HHH000206: hibernate.properties not found
""2019-01-23 14:33:12 [main] INFO  o.h.annotations.common.Version - HCANN000001: Hibernate Commons Annotations {5.0.4.Final}
""2019-01-23 14:33:12 [main] INFO  org.hibernate.dialect.Dialect - HHH000400: Using dialect: org.hibernate.dialect.MySQL5Dialect
""2019-01-23 14:33:13 [main] INFO  o.h.t.s.internal.SchemaCreatorImpl - HHH000476: Executing import script 'org.hibernate.tool.schema.internal.exec.ScriptSourceInputNonExistentImpl@fcd3a6f'
""2019-01-23 14:33:13 [main] INFO  o.s.o.j.LocalContainerEntityManagerFactoryBean - Initialized JPA EntityManagerFactory for persistence unit 'default'
""2019-01-23 14:33:13 [main] WARN  o.s.b.a.o.j.JpaBaseConfiguration$JpaWebConfiguration$JpaWebMvcConfiguration - spring.jpa.open-in-view is enabled by default. Therefore, database queries may be performed during view rendering. Explicitly configure spring.jpa.open-in-view to disable this warning
""2019-01-23 14:33:14 [main] INFO  s.d.s.w.PropertySourcedRequestMappingHandlerMapping - Mapped URL path [/v2/api-docs] onto method [public org.springframework.http.ResponseEntity<springfox.documentation.spring.web.json.Json> springfox.documentation.swagger2.web.Swagger2Controller.getDocumentation(java.lang.String,javax.servlet.http.HttpServletRequest)]
""2019-01-23 14:33:14 [main] INFO  o.s.s.c.ThreadPoolTaskExecutor - Initializing ExecutorService 'applicationTaskExecutor'
""2019-01-23 14:33:14 [main] INFO  s.d.s.w.p.DocumentationPluginsBootstrapper - Context refreshed
""2019-01-23 14:33:14 [main] INFO  s.d.s.w.p.DocumentationPluginsBootstrapper - Found 1 custom documentation plugin(s)
""2019-01-23 14:33:14 [main] INFO  s.d.s.w.s.ApiListingReferenceScanner - Scanning for api listing references
""2019-01-23 14:33:14 [main] INFO  c.s.g.repository.GifRepositoryTestIT - Started GifRepositoryTestIT in 4.086 seconds (JVM running for 4.776)
""2019-01-23 14:33:14 [main] INFO  o.h.h.i.QueryTranslatorFactoryInitiator - HHH000397: Using ASTQueryTranslatorFactory
""2019-01-23 14:33:15 [Thread-1] INFO  o.s.s.c.ThreadPoolTaskExecutor - Shutting down ExecutorService 'applicationTaskExecutor'
""2019-01-23 14:33:15 [Thread-1] INFO  o.s.o.j.LocalContainerEntityManagerFactoryBean - Closing JPA EntityManagerFactory for persistence unit 'default'
""2019-01-23 14:33:15 [Thread-1] INFO  o.h.t.s.i.SchemaDropperImpl$DelayedDropActionImpl - HHH000477: Starting delayed evictData of schema as part of SessionFactory shut-down'
""2019-01-23 14:33:15 [Thread-1] INFO  com.zaxxer.hikari.HikariDataSource - HikariPool-1 - Shutdown initiated...
""2019-01-23 14:33:15 [Thread-1] INFO  com.zaxxer.hikari.HikariDataSource - HikariPool-1 - Shutdown completed.
"